Instance name,  X location,  Y location,  Voltage 
PHY_18, 0, 35.36, 1.8
FILLER_9_53, 27.2, 35.36, 1.8
FILLER_8_77, 40.8, 35.36, 1.8
FILLER_9_69, 40.8, 35.36, 1.8
PHY_17, 40.8, 35.36, 1.8
PHY_19, 40.8, 35.36, 1.8
input1, 40.8, 35.36, 1.8
PHY_14, 0, 29.92, 1.8
PHY_16, 0, 29.92, 1.8
FILLER_7_51, 27.2, 29.92, 1.8
FILLER_6_77, 40.8, 29.92, 1.8
PHY_13, 40.8, 29.92, 1.8
PHY_15, 40.8, 29.92, 1.8
PHY_10, 0, 24.48, 1.8
PHY_12, 0, 24.48, 1.8
FILLER_5_51, 27.2, 24.48, 1.8
FILLER_4_77, 40.8, 24.48, 1.8
PHY_11, 40.8, 24.48, 1.8
PHY_9, 40.8, 24.48, 1.8
PHY_6, 0, 19.04, 1.8
PHY_8, 0, 19.04, 1.8
FILLER_3_51, 27.2, 19.04, 1.8
FILLER_2_77, 40.8, 19.04, 1.8
FILLER_3_69, 40.8, 19.04, 1.8
PHY_5, 40.8, 19.04, 1.8
PHY_7, 40.8, 19.04, 1.8
_0_, 40.8, 19.04, 1.8
PHY_0, 0, 13.6, 1.8
PHY_2, 0, 13.6, 1.8
PHY_4, 0, 13.6, 1.8
FILLER_0_21, 13.6, 13.6, 1.8
output2, 13.6, 13.6, 1.8
FILLER_0_53, 27.2, 13.6, 1.8
FILLER_1_51, 27.2, 13.6, 1.8
PHY_1, 40.8, 13.6, 1.8
PHY_3, 40.8, 13.6, 1.8

