
===========================================================================
report_checks -path_delay max (Setup)
============================================================================

======================= Slowest Corner ===================================

Startpoint: in (input port clocked by __VIRTUAL_CLK__)
Endpoint: out (output port clocked by __VIRTUAL_CLK__)
Path Group: __VIRTUAL_CLK__
Path Type: max
Corner: ss

Fanout     Cap    Slew   Delay    Time   Description
-----------------------------------------------------------------------------
                  0.00    0.00    0.00   clock __VIRTUAL_CLK__ (rise edge)
                          0.00    0.00   clock network delay (ideal)
                          2.00    2.00 ^ input external delay
                  0.04    0.02    2.02 ^ in (in)
     1    0.00                           in (net)
                  0.04    0.00    2.02 ^ input1/A (sky130_fd_sc_hd__clkbuf_1)
                  0.14    0.20    2.22 ^ input1/X (sky130_fd_sc_hd__clkbuf_1)
     1    0.01                           net1 (net)
                  0.14    0.00    2.22 ^ _0_/A (sky130_fd_sc_hd__inv_2)
                  0.04    0.09    2.30 v _0_/Y (sky130_fd_sc_hd__inv_2)
     1    0.00                           net2 (net)
                  0.04    0.00    2.30 v output2/A (sky130_fd_sc_hd__buf_2)
                  0.17    0.35    2.65 v output2/X (sky130_fd_sc_hd__buf_2)
     1    0.03                           out (net)
                  0.17    0.00    2.65 v out (out)
                                  2.65   data arrival time

                  0.00   10.00   10.00   clock __VIRTUAL_CLK__ (rise edge)
                          0.00   10.00   clock network delay (ideal)
                         -0.25    9.75   clock uncertainty
                          0.00    9.75   clock reconvergence pessimism
                         -2.00    7.75   output external delay
                                  7.75   data required time
-----------------------------------------------------------------------------
                                  7.75   data required time
                                 -2.65   data arrival time
-----------------------------------------------------------------------------
                                  5.10   slack (MET)



======================= Typical Corner ===================================

Startpoint: in (input port clocked by __VIRTUAL_CLK__)
Endpoint: out (output port clocked by __VIRTUAL_CLK__)
Path Group: __VIRTUAL_CLK__
Path Type: max
Corner: tt

Fanout     Cap    Slew   Delay    Time   Description
-----------------------------------------------------------------------------
                  0.00    0.00    0.00   clock __VIRTUAL_CLK__ (rise edge)
                          0.00    0.00   clock network delay (ideal)
                          2.00    2.00 v input external delay
                  0.01    0.01    2.01 v in (in)
     1    0.00                           in (net)
                  0.01    0.00    2.01 v input1/A (sky130_fd_sc_hd__clkbuf_1)
                  0.05    0.09    2.10 v input1/X (sky130_fd_sc_hd__clkbuf_1)
     1    0.01                           net1 (net)
                  0.05    0.00    2.10 v _0_/A (sky130_fd_sc_hd__inv_2)
                  0.03    0.05    2.15 ^ _0_/Y (sky130_fd_sc_hd__inv_2)
     1    0.00                           net2 (net)
                  0.03    0.00    2.15 ^ output2/A (sky130_fd_sc_hd__buf_2)
                  0.17    0.20    2.35 ^ output2/X (sky130_fd_sc_hd__buf_2)
     1    0.03                           out (net)
                  0.17    0.00    2.35 ^ out (out)
                                  2.35   data arrival time

                  0.00   10.00   10.00   clock __VIRTUAL_CLK__ (rise edge)
                          0.00   10.00   clock network delay (ideal)
                         -0.25    9.75   clock uncertainty
                          0.00    9.75   clock reconvergence pessimism
                         -2.00    7.75   output external delay
                                  7.75   data required time
-----------------------------------------------------------------------------
                                  7.75   data required time
                                 -2.35   data arrival time
-----------------------------------------------------------------------------
                                  5.40   slack (MET)



======================= Fastest Corner ===================================

Startpoint: in (input port clocked by __VIRTUAL_CLK__)
Endpoint: out (output port clocked by __VIRTUAL_CLK__)
Path Group: __VIRTUAL_CLK__
Path Type: max
Corner: ff

Fanout     Cap    Slew   Delay    Time   Description
-----------------------------------------------------------------------------
                  0.00    0.00    0.00   clock __VIRTUAL_CLK__ (rise edge)
                          0.00    0.00   clock network delay (ideal)
                          2.00    2.00 v input external delay
                  0.01    0.00    2.00 v in (in)
     1    0.00                           in (net)
                  0.01    0.00    2.00 v input1/A (sky130_fd_sc_hd__clkbuf_1)
                  0.03    0.06    2.06 v input1/X (sky130_fd_sc_hd__clkbuf_1)
     1    0.01                           net1 (net)
                  0.03    0.00    2.07 v _0_/A (sky130_fd_sc_hd__inv_2)
                  0.02    0.03    2.10 ^ _0_/Y (sky130_fd_sc_hd__inv_2)
     1    0.00                           net2 (net)
                  0.02    0.00    2.10 ^ output2/A (sky130_fd_sc_hd__buf_2)
                  0.13    0.14    2.24 ^ output2/X (sky130_fd_sc_hd__buf_2)
     1    0.03                           out (net)
                  0.13    0.00    2.24 ^ out (out)
                                  2.24   data arrival time

                  0.00   10.00   10.00   clock __VIRTUAL_CLK__ (rise edge)
                          0.00   10.00   clock network delay (ideal)
                         -0.25    9.75   clock uncertainty
                          0.00    9.75   clock reconvergence pessimism
                         -2.00    7.75   output external delay
                                  7.75   data required time
-----------------------------------------------------------------------------
                                  7.75   data required time
                                 -2.24   data arrival time
-----------------------------------------------------------------------------
                                  5.51   slack (MET)


