OpenROAD b0061bd7d7a5de1ecf52b4bbcf99b65ab37681e5 
This program is licensed under the BSD-3 license. See the LICENSE file for details.
Components of this program may be licensed under more restrictive licenses which must be honored.
[INFO ODB-0222] Reading LEF file: /home/mariowei/eda-toolchain/notebooks/runs/RUN_2022.08.23_11.33.34/tmp/merged.nom.lef
[WARNING ODB-0220] WARNING (LEFPARS-2036): SOURCE statement is obsolete in version 5.6 and later.
The LEF parser will ignore this statement.
To avoid this warning in the future, remove this statement from the LEF file with version 5.6 or later. See file /home/mariowei/eda-toolchain/notebooks/runs/RUN_2022.08.23_11.33.34/tmp/merged.nom.lef at line 930.

[INFO ODB-0223]     Created 13 technology layers
[INFO ODB-0224]     Created 25 technology vias
[INFO ODB-0225]     Created 441 library cells
[INFO ODB-0226] Finished LEF file:  /home/mariowei/eda-toolchain/notebooks/runs/RUN_2022.08.23_11.33.34/tmp/merged.nom.lef
[INFO ODB-0127] Reading DEF file: /home/mariowei/eda-toolchain/notebooks/runs/RUN_2022.08.23_11.33.34/tmp/placement/8-resizer.buffers_removed.def
[INFO ODB-0128] Design: inverter
[INFO ODB-0130]     Created 4 pins.
[INFO ODB-0131]     Created 35 components and 122 component-terminals.
[INFO ODB-0132]     Created 2 special nets and 116 connections.
[INFO ODB-0133]     Created 4 nets and 6 connections.
[INFO ODB-0134] Finished DEF file: /home/mariowei/eda-toolchain/notebooks/runs/RUN_2022.08.23_11.33.34/tmp/placement/8-resizer.buffers_removed.def
Placement Analysis
---------------------------------
total displacement          0.0 u
average displacement        0.0 u
max displacement            0.0 u
original HPWL              93.0 u
legalized HPWL             94.9 u
delta HPWL                    2 %

[INFO DPL-0020] Mirrored 1 instances
[INFO DPL-0021] HPWL before              94.9 u
[INFO DPL-0022] HPWL after               93.0 u
[INFO DPL-0023] HPWL delta               -2.0 %
