OpenROAD b0061bd7d7a5de1ecf52b4bbcf99b65ab37681e5 
This program is licensed under the BSD-3 license. See the LICENSE file for details.
Components of this program may be licensed under more restrictive licenses which must be honored.
[INFO ODB-0222] Reading LEF file: /home/mariowei/eda-toolchain/notebooks/runs/RUN_2022.08.23_14.10.57/tmp/merged.min.lef
[WARNING ODB-0220] WARNING (LEFPARS-2036): SOURCE statement is obsolete in version 5.6 and later.
The LEF parser will ignore this statement.
To avoid this warning in the future, remove this statement from the LEF file with version 5.6 or later. See file /home/mariowei/eda-toolchain/notebooks/runs/RUN_2022.08.23_14.10.57/tmp/merged.min.lef at line 930.

[INFO ODB-0223]     Created 13 technology layers
[INFO ODB-0224]     Created 25 technology vias
[INFO ODB-0225]     Created 441 library cells
[INFO ODB-0226] Finished LEF file:  /home/mariowei/eda-toolchain/notebooks/runs/RUN_2022.08.23_14.10.57/tmp/merged.min.lef
[INFO ODB-0127] Reading DEF file: /home/mariowei/eda-toolchain/notebooks/runs/RUN_2022.08.23_14.10.57/results/routing/inverter.def
[INFO ODB-0128] Design: inverter
[INFO ODB-0130]     Created 4 pins.
[INFO ODB-0131]     Created 119 components and 458 component-terminals.
[INFO ODB-0132]     Created 2 special nets and 452 connections.
[INFO ODB-0133]     Created 4 nets and 6 connections.
[INFO ODB-0134] Finished DEF file: /home/mariowei/eda-toolchain/notebooks/runs/RUN_2022.08.23_14.10.57/results/routing/inverter.def
[WARNING STA-0357] virtual clock __VIRTUAL_CLK__ can not be propagated.
Using RCX ruleset '/home/mariowei/anaconda3/envs/nolimits/share/pdk/sky130A/libs.tech/openlane/rules.openrcx.sky130A.min.spef_extractor'...
[INFO RCX-0431] Defined process_corner X with ext_model_index 0
[INFO RCX-0029] Defined extraction corner X
[INFO RCX-0008] extracting parasitics of inverter ...
[INFO RCX-0435] Reading extraction model file /home/mariowei/anaconda3/envs/nolimits/share/pdk/sky130A/libs.tech/openlane/rules.openrcx.sky130A.min.spef_extractor ...
[INFO RCX-0436] RC segment generation inverter (max_merge_res 50.0) ...
[INFO RCX-0040] Final 4 rc segments
[INFO RCX-0439] Coupling Cap extraction inverter ...
[INFO RCX-0440] Coupling threshhold is 0.1000 fF, coupling capacitance less than 0.1000 fF will be grounded.
[INFO RCX-0043] 124 wires to be extracted
[INFO RCX-0442] 90% completion -- 112 wires have been extracted
[INFO RCX-0442] 100% completion -- 124 wires have been extracted
[INFO RCX-0045] Extract 4 nets, 8 rsegs, 8 caps, 0 ccs
[INFO RCX-0015] Finished extracting inverter.
Writing result to /home/mariowei/eda-toolchain/notebooks/runs/RUN_2022.08.23_14.10.57/results/routing/inverter.min.spef...
[INFO RCX-0016] Writing SPEF ...
[INFO RCX-0443] 4 nets finished
[INFO RCX-0017] Finished writing SPEF ...
