[INFO]: Run Directory: /home/mariowei/eda-toolchain/notebooks/runs/RUN_2022.08.23_11.33.34
[INFO]: Preparing LEF files for the nom corner...
[INFO]: Preparing LEF files for the min corner...
[INFO]: Preparing LEF files for the max corner...
[INFO]: Running Synthesis (log: runs/RUN_2022.08.23_11.33.34/logs/synthesis/1-synthesis.log)...
[INFO]: Running Single-Corner Static Timing Analysis (log: runs/RUN_2022.08.23_11.33.34/logs/synthesis/2-sta.log)...
[INFO]: Running Initial Floorplanning (log: runs/RUN_2022.08.23_11.33.34/logs/floorplan/3-initial_fp.log)...
[WARNING]: Current core area is too small for a power grid. The power grid will be minimized.
[INFO]: Extracting core dimensions...
[INFO]: Set CORE_WIDTH to 38.64, CORE_HEIGHT to 27.2.
[INFO]: Running IO Placement...
[INFO]: Running Tap/Decap Insertion (log: runs/RUN_2022.08.23_11.33.34/logs/floorplan/5-tap.log)...
[INFO]: Power planning with power {VPWR} and ground {VGND}...
[INFO]: Generating PDN (log: runs/RUN_2022.08.23_11.33.34/logs/floorplan/6-pdn.log)...
[INFO]: Performing Random Global Placement (log: runs/RUN_2022.08.23_11.33.34/logs/placement/7-global.log)...
[INFO]: Running Placement Resizer Design Optimizations (log: runs/RUN_2022.08.23_11.33.34/logs/placement/8-resizer.log)...
[INFO]: Writing Verilog...
[INFO]: Removing Buffers from Ports (If Applicable) (log: runs/RUN_2022.08.23_11.33.34/logs/placement/10-remove_buffers.log)...
[INFO]: Running Detailed Placement (log: runs/RUN_2022.08.23_11.33.34/logs/placement/11-detailed.log)...
[INFO]: Running Placement Resizer Timing Optimizations (log: runs/RUN_2022.08.23_11.33.34/logs/cts/12-resizer.log)...
[INFO]: Writing Verilog...
[INFO]: Removing Buffers from Ports (If Applicable) (log: runs/RUN_2022.08.23_11.33.34/logs/placement/14-remove_buffers.log)...
[INFO]: Routing...
[INFO]: Running Global Routing Resizer Timing Optimizations (log: runs/RUN_2022.08.23_11.33.34/logs/routing/15-resizer.log)...
[INFO]: Writing Verilog...
[INFO]: Removing Buffers from Ports (If Applicable) (log: runs/RUN_2022.08.23_11.33.34/logs/placement/17-remove_buffers.log)...
[INFO]: Running Detailed Placement (log: runs/RUN_2022.08.23_11.33.34/logs/routing/18-diode_legalization.log)...
[INFO]: Running Global Routing...
[INFO]: Starting FastRoute Antenna Repair Iterations...
[INFO]: Running Fill Insertion (log: runs/RUN_2022.08.23_11.33.34/logs/routing/20-fill.log)...
[INFO]: Writing Verilog...
[INFO]: Running Detailed Routing (log: runs/RUN_2022.08.23_11.33.34/logs/routing/22-detailed.log)...
[INFO]: No DRC violations after detailed routing.
[INFO]: Writing Verilog...
[INFO]: Running parasitics-based static timing analysis...
[INFO]: Running SPEF Extraction at the min process corner (log: runs/RUN_2022.08.23_11.33.34/logs/signoff/24-parasitics_extraction.min.log)...
[INFO]: Running Multi-Corner Static Timing Analysis at the min process corner (log: runs/RUN_2022.08.23_11.33.34/logs/signoff/25-parasitics_multi_corner_sta.min.log)...
[INFO]: Running SPEF Extraction at the max process corner (log: runs/RUN_2022.08.23_11.33.34/logs/signoff/26-parasitics_extraction.max.log)...
[INFO]: Running Multi-Corner Static Timing Analysis at the max process corner (log: runs/RUN_2022.08.23_11.33.34/logs/signoff/27-parasitics_multi_corner_sta.max.log)...
[INFO]: Running SPEF Extraction at the nom process corner (log: runs/RUN_2022.08.23_11.33.34/logs/signoff/28-parasitics_extraction.nom.log)...
[INFO]: Running Single-Corner Static Timing Analysis at the nom process corner (log: runs/RUN_2022.08.23_11.33.34/logs/signoff/29-parasitics_sta.log)...
[INFO]: Running Multi-Corner Static Timing Analysis at the nom process corner (log: runs/RUN_2022.08.23_11.33.34/logs/signoff/30-parasitics_multi_corner_sta.log)...
[INFO]: Creating IR Drop Report (log: runs/RUN_2022.08.23_11.33.34/logs/signoff/31-irdrop.log)...
[INFO]: Running Magic to generate various views...
[INFO]: Streaming out GDS-II with Magic (log: runs/RUN_2022.08.23_11.33.34/logs/signoff/32-gdsii.log)...
[INFO]: Generating MAGLEF views...
[WARNING]: 'runs/RUN_2022.08.23_11.33.34/results/signoff/inverter.klayout.gds' wasn't found. Skipping GDS XOR.
[INFO]: Running Magic Spice Export from LEF (log: runs/RUN_2022.08.23_11.33.34/logs/signoff/33-spice.log)...
[INFO]: Writing Powered Verilog (log: ../../../../dev/null)...
[INFO]: Writing Verilog...
[INFO]: Running LEF LVS...
[INFO]: Running Magic DRC (log: runs/RUN_2022.08.23_11.33.34/logs/signoff/37-drc.log)...
[INFO]: Converting Magic DRC Violations to Magic Readable Format...
[INFO]: Converting Magic DRC Violations to Klayout XML Database...
[INFO]: No DRC violations after GDS streaming out.
[INFO]: Running OpenROAD Antenna Rule Checker (log: runs/RUN_2022.08.23_11.33.34/logs/signoff/38-antenna.log)...
[INFO]: Skipping CVC...
[INFO]: Saving current set of views in 'runs/RUN_2022.08.23_11.33.34/results/final'...
[INFO]: Saving runtime environment...
[INFO]: Generating final set of reports...
[INFO]: Created manufacturability report at 'runs/RUN_2022.08.23_11.33.34/reports/manufacturability.rpt'.
[INFO]: Created metrics report at 'runs/RUN_2022.08.23_11.33.34/reports/metrics.csv'.
[INFO]: There are no max slew, max fanout or max capacitance violations in the design at the typical corner.
[INFO]: There are no hold violations in the design at the typical corner.
[INFO]: There are no setup violations in the design at the typical corner.
[SUCCESS]: Flow complete.
[INFO]: Note that the following warnings have been generated:
