
Magic 8.3 revision 315 - Compiled on Fri Aug 19 17:52:05 UTC 2022.
Starting magic under Tcl interpreter
Using the terminal as the console.
Using NULL graphics device.
Processing system .magicrc file
Sourcing design .magicrc for technology sky130A ...
2 Magic internal units = 1 Lambda
Input style sky130(vendor): scaleFactor=2, multiplier=2
The following types are not handled by extraction and will be treated as non-electrical types:
    ubm 
Scaled tech values by 2 / 1 to match internal grid scaling
Loading sky130A Device Generator Menu ...
Using technology "sky130A", version 1.0.323-0-g6003ab3
Reading LEF data from file /home/mariowei/anaconda3/envs/nolimits/share/pdk/sky130A/libs.ref/sky130_fd_sc_hd/techlef/sky130_fd_sc_hd__nom.tlef.
This action cannot be undone.
LEF read, Line 78 (Message): Unknown keyword "ANTENNAMODEL" in LEF file; ignoring.
LEF read, Line 79 (Message): Unknown keyword "ANTENNADIFFSIDEAREARATIO" in LEF file; ignoring.
LEF read, Line 112 (Message): Unknown keyword "MINENCLOSEDAREA" in LEF file; ignoring.
LEF read, Line 114 (Message): Unknown keyword "ANTENNAMODEL" in LEF file; ignoring.
LEF read, Line 115 (Message): Unknown keyword "ANTENNADIFFSIDEAREARATIO" in LEF file; ignoring.
LEF read, Line 121 (Message): Unknown keyword "MAXIMUMDENSITY" in LEF file; ignoring.
LEF read, Line 122 (Message): Unknown keyword "DENSITYCHECKWINDOW" in LEF file; ignoring.
LEF read, Line 123 (Message): Unknown keyword "DENSITYCHECKSTEP" in LEF file; ignoring.
LEF read, Line 156 (Message): Unknown keyword "MINENCLOSEDAREA" in LEF file; ignoring.
LEF read, Line 164 (Message): Unknown keyword "ANTENNAMODEL" in LEF file; ignoring.
LEF read, Line 165 (Message): Unknown keyword "ANTENNADIFFSIDEAREARATIO" in LEF file; ignoring.
LEF read, Line 167 (Message): Unknown keyword "MAXIMUMDENSITY" in LEF file; ignoring.
LEF read, Line 168 (Message): Unknown keyword "DENSITYCHECKWINDOW" in LEF file; ignoring.
LEF read, Line 169 (Message): Unknown keyword "DENSITYCHECKSTEP" in LEF file; ignoring.
LEF read, Line 206 (Message): Unknown keyword "ANTENNAMODEL" in LEF file; ignoring.
LEF read, Line 207 (Message): Unknown keyword "ANTENNADIFFSIDEAREARATIO" in LEF file; ignoring.
LEF read, Line 209 (Message): Unknown keyword "MAXIMUMDENSITY" in LEF file; ignoring.
LEF read, Line 210 (Message): Unknown keyword "DENSITYCHECKWINDOW" in LEF file; ignoring.
LEF read, Line 211 (Message): Unknown keyword "DENSITYCHECKSTEP" in LEF file; ignoring.
LEF read, Line 248 (Message): Unknown keyword "ANTENNAMODEL" in LEF file; ignoring.
LEF read, Line 249 (Message): Unknown keyword "ANTENNADIFFSIDEAREARATIO" in LEF file; ignoring.
LEF read, Line 251 (Message): Unknown keyword "MAXIMUMDENSITY" in LEF file; ignoring.
LEF read, Line 252 (Message): Unknown keyword "DENSITYCHECKWINDOW" in LEF file; ignoring.
LEF read, Line 253 (Message): Unknown keyword "DENSITYCHECKSTEP" in LEF file; ignoring.
LEF read, Line 290 (Message): Unknown keyword "ANTENNAMODEL" in LEF file; ignoring.
LEF read, Line 291 (Message): Unknown keyword "ANTENNADIFFSIDEAREARATIO" in LEF file; ignoring.
LEF read: Processed 797 lines.
[INFO]: Writing abstract LEF
Generating LEF output /home/mariowei/eda-toolchain/notebooks/runs/RUN_2022.08.23_11.33.34/results/signoff/inverter.lef for cell inverter:
Diagnostic:  Write LEF header for cell inverter
Diagnostic:  Writing LEF output for cell inverter
Warning:  Parent cell lists instance of "sky130_fd_sc_hd__buf_2" at bad file path /home/mariowei/eda-toolchain/notebooks/runs/RUN_2022.08.23_11.33.34/results/signoff/sky130_fd_sc_hd__buf_2.mag.
The cell exists in the search paths at /home/mariowei/anaconda3/envs/nolimits/share/pdk/sky130A/libs.ref/sky130_fd_sc_hd/maglef/sky130_fd_sc_hd__buf_2.mag.
The discovered version will be used.
Warning:  Parent cell lists instance of "sky130_fd_sc_hd__clkbuf_1" at bad file path /home/mariowei/eda-toolchain/notebooks/runs/RUN_2022.08.23_11.33.34/results/signoff/sky130_fd_sc_hd__clkbuf_1.mag.
The cell exists in the search paths at /home/mariowei/anaconda3/envs/nolimits/share/pdk/sky130A/libs.ref/sky130_fd_sc_hd/maglef/sky130_fd_sc_hd__clkbuf_1.mag.
The discovered version will be used.
Warning:  Parent cell lists instance of "sky130_fd_sc_hd__inv_2" at bad file path /home/mariowei/eda-toolchain/notebooks/runs/RUN_2022.08.23_11.33.34/results/signoff/sky130_fd_sc_hd__inv_2.mag.
The cell exists in the search paths at /home/mariowei/anaconda3/envs/nolimits/share/pdk/sky130A/libs.ref/sky130_fd_sc_hd/maglef/sky130_fd_sc_hd__inv_2.mag.
The discovered version will be used.
Warning:  Parent cell lists instance of "sky130_fd_sc_hd__tapvpwrvgnd_1" at bad file path /home/mariowei/eda-toolchain/notebooks/runs/RUN_2022.08.23_11.33.34/results/signoff/sky130_fd_sc_hd__tapvpwrvgnd_1.mag.
The cell exists in the search paths at /home/mariowei/anaconda3/envs/nolimits/share/pdk/sky130A/libs.ref/sky130_fd_sc_hd/maglef/sky130_fd_sc_hd__tapvpwrvgnd_1.mag.
The discovered version will be used.
Warning:  Parent cell lists instance of "sky130_fd_sc_hd__decap_3" at bad file path /home/mariowei/eda-toolchain/notebooks/runs/RUN_2022.08.23_11.33.34/results/signoff/sky130_fd_sc_hd__decap_3.mag.
The cell exists in the search paths at /home/mariowei/anaconda3/envs/nolimits/share/pdk/sky130A/libs.ref/sky130_fd_sc_hd/maglef/sky130_fd_sc_hd__decap_3.mag.
The discovered version will be used.
Warning:  Parent cell lists instance of "sky130_fd_sc_hd__fill_2" at bad file path /home/mariowei/eda-toolchain/notebooks/runs/RUN_2022.08.23_11.33.34/results/signoff/sky130_fd_sc_hd__fill_2.mag.
The cell exists in the search paths at /home/mariowei/anaconda3/envs/nolimits/share/pdk/sky130A/libs.ref/sky130_fd_sc_hd/maglef/sky130_fd_sc_hd__fill_2.mag.
The discovered version will be used.
Warning:  Parent cell lists instance of "sky130_fd_sc_hd__fill_1" at bad file path /home/mariowei/eda-toolchain/notebooks/runs/RUN_2022.08.23_11.33.34/results/signoff/sky130_fd_sc_hd__fill_1.mag.
The cell exists in the search paths at /home/mariowei/anaconda3/envs/nolimits/share/pdk/sky130A/libs.ref/sky130_fd_sc_hd/maglef/sky130_fd_sc_hd__fill_1.mag.
The discovered version will be used.
Warning:  Parent cell lists instance of "sky130_fd_sc_hd__decap_6" at bad file path /home/mariowei/eda-toolchain/notebooks/runs/RUN_2022.08.23_11.33.34/results/signoff/sky130_fd_sc_hd__decap_6.mag.
The cell exists in the search paths at /home/mariowei/anaconda3/envs/nolimits/share/pdk/sky130A/libs.ref/sky130_fd_sc_hd/maglef/sky130_fd_sc_hd__decap_6.mag.
The discovered version will be used.
Warning:  Parent cell lists instance of "sky130_ef_sc_hd__decap_12" at bad file path /home/mariowei/eda-toolchain/notebooks/runs/RUN_2022.08.23_11.33.34/results/signoff/sky130_ef_sc_hd__decap_12.mag.
The cell exists in the search paths at /home/mariowei/anaconda3/envs/nolimits/share/pdk/sky130A/libs.ref/sky130_fd_sc_hd/maglef/sky130_ef_sc_hd__decap_12.mag.
The discovered version will be used.
Warning:  Parent cell lists instance of "sky130_fd_sc_hd__decap_4" at bad file path /home/mariowei/eda-toolchain/notebooks/runs/RUN_2022.08.23_11.33.34/results/signoff/sky130_fd_sc_hd__decap_4.mag.
The cell exists in the search paths at /home/mariowei/anaconda3/envs/nolimits/share/pdk/sky130A/libs.ref/sky130_fd_sc_hd/maglef/sky130_fd_sc_hd__decap_4.mag.
The discovered version will be used.
Diagnostic:  Scale value is 0.005000
[INFO]: LEF Write Complete
